1611760315271:show books all
1611769518746:show all books
1611769523913:show books all
1611769532720:show comments 1
1611769546164:add comment 1
1611769561621:show comments 1
1611774144807:show comments all
1611774155630:, nativeQuery = true
1611774169901:show comments 1
1611774176922:add comment 1
1611774194621:show comments 1
1611774209294:show comments 4
1611774217646:show comments 2
1611774224897:show comments 3
1611823664433:add comment 1
1611823675800:show comments 1
1611823682572:update comment 4
1611823698187:show comments 1
1611823713011:add comment 5
1611823878293:quit
